Funcionalidade: Todo List

  Cenário: Criar um cartão de todo
    Dado que eu esteja na página "todo" ... passed in 0.617s
    Quando criar um todo ... passed in 0.412s
      """
          {
              "nome": "Dormir",
              "descrição": "é bom"
          }
      
      """
    Então o todo deve estar na pilha "A fazer" ... passed in 0.035s

  Cenário: Criar dois cartões de todo
    Dado que eu esteja na página "todo" ... passed in 0.232s
    Quando criar os seguintes todos ... passed in 0.540s
      | nome   | descrição   |
      | Dormir | é bom       |
      | Comer  | ao meio dia |
    Então o cartão deve estar na pilha "A fazer" ... passed in 0.064s
      | nome   | descrição |
      | Dormir | é bom     |

  Cenário: Criar cartão urgente
    Dado que eu esteja na página "todo" ... passed in 0.233s
    Quando criar os seguintes todos ... passed in 0.755s
      | nome   | descrição   | urgente |
      | dormir | é bom       | não     |
      | comer  | ao meio dia | sim     |
    Então o cartão deve estar no topo da pilha "A fazer" ... passed in 0.057s
      | nome  | descrição   |
      | comer | ao meio dia |

